<?xml version="1.0" encoding="UTF-8"?>
<testng-results ignored="0" total="2" passed="2" failed="0" skipped="0">
  <reporter-output>
  </reporter-output>
  <suite started-at="2022-02-22T19:33:49 EST" name="Default suite" finished-at="2022-02-22T19:33:49 EST" duration-ms="46">
    <groups>
    </groups>
    <test started-at="2022-02-22T19:33:49 EST" name="Default test" finished-at="2022-02-22T19:33:49 EST" duration-ms="46">
      <class name="com.bit.test.SmokeTest">
        <test-method is-config="true" signature="beforeSuite()[pri:0, instance:com.bit.test.SmokeTest@47faa49c]" started-at="2022-02-22T19:33:49 EST" name="beforeSuite" finished-at="2022-02-22T19:33:49 EST" duration-ms="5" status="PASS">
          <reporter-output>
          </reporter-output>
        </test-method> <!-- beforeSuite -->
        <test-method is-config="true" signature="beforeTest()[pri:0, instance:com.bit.test.SmokeTest@47faa49c]" started-at="2022-02-22T19:33:49 EST" name="beforeTest" finished-at="2022-02-22T19:33:49 EST" duration-ms="1" status="PASS">
          <reporter-output>
          </reporter-output>
        </test-method> <!-- beforeTest -->
        <test-method is-config="true" signature="beforeClass()[pri:0, instance:com.bit.test.SmokeTest@47faa49c]" started-at="2022-02-22T19:33:49 EST" name="beforeClass" finished-at="2022-02-22T19:33:49 EST" duration-ms="0" status="PASS">
          <reporter-output>
          </reporter-output>
        </test-method> <!-- beforeClass -->
        <test-method is-config="true" signature="beforeMethod()[pri:0, instance:com.bit.test.SmokeTest@47faa49c]" started-at="2022-02-22T19:33:49 EST" name="beforeMethod" finished-at="2022-02-22T19:33:49 EST" duration-ms="0" status="PASS">
          <reporter-output>
          </reporter-output>
        </test-method> <!-- beforeMethod -->
        <test-method signature="readtxtFile()[pri:0, instance:com.bit.test.SmokeTest@47faa49c]" started-at="2022-02-22T19:33:49 EST" name="readtxtFile" finished-at="2022-02-22T19:33:49 EST" duration-ms="8" status="PASS">
          <reporter-output>
          </reporter-output>
        </test-method> <!-- readtxtFile -->
        <test-method is-config="true" signature="afterMethod(org.testng.ITestResult)[pri:0, instance:com.bit.test.SmokeTest@47faa49c]" started-at="2022-02-22T19:33:49 EST" name="afterMethod" finished-at="2022-02-22T19:33:49 EST" duration-ms="0" status="PASS">
          <params>
            <param index="0">
              <value>
                <![CDATA[[TestResult name=readtxtFile status=SUCCESS method=SmokeTest.readtxtFile()[pri:0, instance:com.bit.test.SmokeTest@47faa49c] output={null}]]]>
              </value>
            </param>
          </params>
          <reporter-output>
          </reporter-output>
        </test-method> <!-- afterMethod -->
        <test-method is-config="true" signature="beforeMethod()[pri:0, instance:com.bit.test.SmokeTest@47faa49c]" started-at="2022-02-22T19:33:49 EST" name="beforeMethod" finished-at="2022-02-22T19:33:49 EST" duration-ms="0" status="PASS">
          <reporter-output>
          </reporter-output>
        </test-method> <!-- beforeMethod -->
        <test-method signature="test1()[pri:0, instance:com.bit.test.SmokeTest@47faa49c]" started-at="2022-02-22T19:33:49 EST" name="test1" finished-at="2022-02-22T19:33:49 EST" duration-ms="1" status="PASS">
          <reporter-output>
          </reporter-output>
        </test-method> <!-- test1 -->
        <test-method is-config="true" signature="afterMethod(org.testng.ITestResult)[pri:0, instance:com.bit.test.SmokeTest@47faa49c]" started-at="2022-02-22T19:33:49 EST" name="afterMethod" finished-at="2022-02-22T19:33:49 EST" duration-ms="1" status="PASS">
          <params>
            <param index="0">
              <value>
                <![CDATA[[TestResult name=test1 status=SUCCESS method=SmokeTest.test1()[pri:0, instance:com.bit.test.SmokeTest@47faa49c] output={null}]]]>
              </value>
            </param>
          </params>
          <reporter-output>
          </reporter-output>
        </test-method> <!-- afterMethod -->
        <test-method is-config="true" signature="afterClass()[pri:0, instance:com.bit.test.SmokeTest@47faa49c]" started-at="2022-02-22T19:33:49 EST" name="afterClass" finished-at="2022-02-22T19:33:49 EST" duration-ms="0" status="PASS">
          <reporter-output>
          </reporter-output>
        </test-method> <!-- afterClass -->
        <test-method is-config="true" signature="afterTest()[pri:0, instance:com.bit.test.SmokeTest@47faa49c]" started-at="2022-02-22T19:33:49 EST" name="afterTest" finished-at="2022-02-22T19:33:49 EST" duration-ms="0" status="PASS">
          <reporter-output>
          </reporter-output>
        </test-method> <!-- afterTest -->
        <test-method is-config="true" signature="afterSuite()[pri:0, instance:com.bit.test.SmokeTest@47faa49c]" started-at="2022-02-22T19:33:49 EST" name="afterSuite" finished-at="2022-02-22T19:33:49 EST" duration-ms="0" status="PASS">
          <reporter-output>
          </reporter-output>
        </test-method> <!-- afterSuite -->
      </class> <!-- com.bit.test.SmokeTest -->
    </test> <!-- Default test -->
  </suite> <!-- Default suite -->
</testng-results>
